<?xml version="1.0" encoding="UTF-8"?>
<testng-results ignored="0" total="4" passed="3" failed="1" skipped="0">
  <reporter-output>
  </reporter-output>
  <suite started-at="2024-03-26T16:53:51 IST" name="Suite" finished-at="2024-03-26T16:54:31 IST" duration-ms="39591">
    <groups>
    </groups>
    <test started-at="2024-03-26T16:53:51 IST" name="Test" finished-at="2024-03-26T16:54:31 IST" duration-ms="39591">
      <class name="pac1.NewTTETSTest">
        <test-method is-config="true" signature="beforeClass()[pri:0, instance:pac1.NewTTETSTest@7fbdb894]" started-at="2024-03-26T16:54:25 IST" name="beforeClass" finished-at="2024-03-26T16:54:30 IST" duration-ms="5537" status="PASS">
          <reporter-output>
          </reporter-output>
        </test-method> <!-- beforeClass -->
        <test-method signature="fTest()[pri:0, instance:pac1.NewTTETSTest@7fbdb894]" started-at="2024-03-26T16:54:30 IST" name="fTest" finished-at="2024-03-26T16:54:30 IST" duration-ms="43" status="PASS">
          <reporter-output>
          </reporter-output>
        </test-method> <!-- fTest -->
        <test-method signature="fiTest()[pri:0, instance:pac1.NewTTETSTest@7fbdb894]" started-at="2024-03-26T16:54:30 IST" name="fiTest" finished-at="2024-03-26T16:54:30 IST" duration-ms="84" status="PASS">
          <reporter-output>
          </reporter-output>
        </test-method> <!-- fiTest -->
        <test-method is-config="true" signature="afterClass()[pri:0, instance:pac1.NewTTETSTest@7fbdb894]" started-at="2024-03-26T16:54:30 IST" name="afterClass" finished-at="2024-03-26T16:54:31 IST" duration-ms="232" status="PASS">
          <reporter-output>
          </reporter-output>
        </test-method> <!-- afterClass -->
      </class> <!-- pac1.NewTTETSTest -->
      <class name="pac1.NewTTETS2Test">
        <test-method is-config="true" signature="beforeClass()[pri:0, instance:pac1.NewTTETS2Test@4e423aa2]" started-at="2024-03-26T16:54:00 IST" name="beforeClass" finished-at="2024-03-26T16:54:04 IST" duration-ms="4589" status="PASS">
          <reporter-output>
          </reporter-output>
        </test-method> <!-- beforeClass -->
        <test-method signature="fTest()[pri:0, instance:pac1.NewTTETS2Test@4e423aa2]" started-at="2024-03-26T16:54:04 IST" name="fTest" finished-at="2024-03-26T16:54:24 IST" duration-ms="20089" status="FAIL">
          <exception class="org.openqa.selenium.NoSuchElementException">
            <message>
              <![CDATA[no such element: Unable to locate element: {"method":"css selector","selector":"#username1"}
  (Session info: chrome=121.0.6167.86)
For documentation on this error, please visit: https://www.selenium.dev/documentation/webdriver/troubleshooting/errors#no-such-element-exception
Build info: version: '4.11.0', revision: '040bc5406b'
System info: os.name: 'Windows 10', os.arch: 'amd64', os.version: '10.0', java.version: '17.0.10'
Driver info: org.openqa.selenium.chrome.ChromeDriver
Command: [e060c06609a45a49ce6288591109dcfa, findElement {using=id, value=username1}]
Capabilities {acceptInsecureCerts: false, browserName: chrome, browserVersion: 121.0.6167.86, chrome: {chromedriverVersion: 121.0.6167.184 (057a8ae7deb..., userDataDir: C:\Users\Admin\AppData\Loca...}, fedcm:accounts: true, goog:chromeOptions: {debuggerAddress: localhost:52905}, networkConnectionEnabled: false, pageLoadStrategy: normal, platformName: windows, proxy: Proxy(), se:cdp: ws://localhost:52905/devtoo..., se:cdpVersion: 121.0.6167.86, setWindowRect: true, strictFileInteractability: false, timeouts: {implicit: 0, pageLoad: 300000, script: 30000}, unhandledPromptBehavior: dismiss and notify, webauthn:extension:credBlob: true, webauthn:extension:largeBlob: true, webauthn:extension:minPinLength: true, webauthn:extension:prf: true, webauthn:virtualAuthenticators: true}
Session ID: e060c06609a45a49ce6288591109dcfa]]>
            </message>
            <full-stacktrace>
              <![CDATA[org.openqa.selenium.NoSuchElementException: no such element: Unable to locate element: {"method":"css selector","selector":"#username1"}
  (Session info: chrome=121.0.6167.86)
For documentation on this error, please visit: https://www.selenium.dev/documentation/webdriver/troubleshooting/errors#no-such-element-exception
Build info: version: '4.11.0', revision: '040bc5406b'
System info: os.name: 'Windows 10', os.arch: 'amd64', os.version: '10.0', java.version: '17.0.10'
Driver info: org.openqa.selenium.chrome.ChromeDriver
Command: [e060c06609a45a49ce6288591109dcfa, findElement {using=id, value=username1}]
Capabilities {acceptInsecureCerts: false, browserName: chrome, browserVersion: 121.0.6167.86, chrome: {chromedriverVersion: 121.0.6167.184 (057a8ae7deb..., userDataDir: C:\Users\Admin\AppData\Loca...}, fedcm:accounts: true, goog:chromeOptions: {debuggerAddress: localhost:52905}, networkConnectionEnabled: false, pageLoadStrategy: normal, platformName: windows, proxy: Proxy(), se:cdp: ws://localhost:52905/devtoo..., se:cdpVersion: 121.0.6167.86, setWindowRect: true, strictFileInteractability: false, timeouts: {implicit: 0, pageLoad: 300000, script: 30000}, unhandledPromptBehavior: dismiss and notify, webauthn:extension:credBlob: true, webauthn:extension:largeBlob: true, webauthn:extension:minPinLength: true, webauthn:extension:prf: true, webauthn:virtualAuthenticators: true}
Session ID: e060c06609a45a49ce6288591109dcfa
at java.base/jdk.internal.reflect.NativeConstructorAccessorImpl.newInstance0(Native Method)
at java.base/jdk.internal.reflect.NativeConstructorAccessorImpl.newInstance(NativeConstructorAccessorImpl.java:77)
at java.base/jdk.internal.reflect.DelegatingConstructorAccessorImpl.newInstance(DelegatingConstructorAccessorImpl.java:45)
at java.base/java.lang.reflect.Constructor.newInstanceWithCaller(Constructor.java:499)
at java.base/java.lang.reflect.Constructor.newInstance(Constructor.java:480)
at org.openqa.selenium.remote.codec.w3c.W3CHttpResponseCodec.createException(W3CHttpResponseCodec.java:200)
at org.openqa.selenium.remote.codec.w3c.W3CHttpResponseCodec.decode(W3CHttpResponseCodec.java:133)
at org.openqa.selenium.remote.codec.w3c.W3CHttpResponseCodec.decode(W3CHttpResponseCodec.java:52)
at org.openqa.selenium.remote.HttpCommandExecutor.execute(HttpCommandExecutor.java:191)
at org.openqa.selenium.remote.service.DriverCommandExecutor.invokeExecute(DriverCommandExecutor.java:196)
at org.openqa.selenium.remote.service.DriverCommandExecutor.execute(DriverCommandExecutor.java:171)
at org.openqa.selenium.remote.RemoteWebDriver.execute(RemoteWebDriver.java:518)
at org.openqa.selenium.remote.ElementLocation$ElementFinder$2.findElement(ElementLocation.java:165)
at org.openqa.selenium.remote.ElementLocation.findElement(ElementLocation.java:66)
at org.openqa.selenium.remote.RemoteWebDriver.findElement(RemoteWebDriver.java:355)
at org.openqa.selenium.remote.RemoteWebDriver.findElement(RemoteWebDriver.java:349)
at pac1.NewTTETS2Test.fTest(NewTTETS2Test.java:27)
at java.base/jdk.internal.reflect.NativeMethodAccessorImpl.invoke0(Native Method)
at java.base/jdk.internal.reflect.NativeMethodAccessorImpl.invoke(NativeMethodAccessorImpl.java:77)
at java.base/jdk.internal.reflect.DelegatingMethodAccessorImpl.invoke(DelegatingMethodAccessorImpl.java:43)
at java.base/java.lang.reflect.Method.invoke(Method.java:568)
at org.testng.internal.MethodInvocationHelper.invokeMethod(MethodInvocationHelper.java:133)
at org.testng.internal.TestInvoker.invokeMethod(TestInvoker.java:584)
at org.testng.internal.TestInvoker.invokeTestMethod(TestInvoker.java:172)
at org.testng.internal.MethodRunner.runInSequence(MethodRunner.java:46)
at org.testng.internal.TestInvoker$MethodInvocationAgent.invoke(TestInvoker.java:804)
at org.testng.internal.TestInvoker.invokeTestMethods(TestInvoker.java:145)
at org.testng.internal.TestMethodWorker.invokeTestMethods(TestMethodWorker.java:146)
at org.testng.internal.TestMethodWorker.run(TestMethodWorker.java:128)
at java.base/java.util.ArrayList.forEach(ArrayList.java:1511)
at org.testng.TestRunner.privateRun(TestRunner.java:770)
at org.testng.TestRunner.run(TestRunner.java:591)
at org.testng.SuiteRunner.runTest(SuiteRunner.java:402)
at org.testng.SuiteRunner.runSequentially(SuiteRunner.java:396)
at org.testng.SuiteRunner.privateRun(SuiteRunner.java:355)
at org.testng.SuiteRunner.run(SuiteRunner.java:304)
at org.testng.SuiteRunnerWorker.runSuite(SuiteRunnerWorker.java:53)
at org.testng.SuiteRunnerWorker.run(SuiteRunnerWorker.java:96)
at org.testng.TestNG.runSuitesSequentially(TestNG.java:1180)
at org.testng.TestNG.runSuitesLocally(TestNG.java:1102)
at org.testng.TestNG.runSuites(TestNG.java:1032)
at org.testng.TestNG.run(TestNG.java:1000)
at org.testng.remote.AbstractRemoteTestNG.run(AbstractRemoteTestNG.java:115)
at org.testng.remote.RemoteTestNG.initAndRun(RemoteTestNG.java:251)
at org.testng.remote.RemoteTestNG.main(RemoteTestNG.java:77)
]]>
            </full-stacktrace>
          </exception> <!-- org.openqa.selenium.NoSuchElementException -->
          <reporter-output>
          </reporter-output>
        </test-method> <!-- fTest -->
        <test-method is-config="true" signature="afterClass()[pri:0, instance:pac1.NewTTETS2Test@4e423aa2]" started-at="2024-03-26T16:54:24 IST" name="afterClass" finished-at="2024-03-26T16:54:25 IST" duration-ms="285" status="PASS">
          <reporter-output>
          </reporter-output>
        </test-method> <!-- afterClass -->
      </class> <!-- pac1.NewTTETS2Test -->
      <class name="pac1.NewTTETS1Test">
        <test-method is-config="true" signature="beforeClass()[pri:0, instance:pac1.NewTTETS1Test@25f4878b]" started-at="2024-03-26T16:53:51 IST" name="beforeClass" finished-at="2024-03-26T16:53:59 IST" duration-ms="8106" status="PASS">
          <reporter-output>
          </reporter-output>
        </test-method> <!-- beforeClass -->
        <test-method signature="fTest()[pri:0, instance:pac1.NewTTETS1Test@25f4878b]" started-at="2024-03-26T16:53:59 IST" name="fTest" finished-at="2024-03-26T16:53:59 IST" duration-ms="122" status="PASS">
          <reporter-output>
          </reporter-output>
        </test-method> <!-- fTest -->
        <test-method is-config="true" signature="afterClass()[pri:0, instance:pac1.NewTTETS1Test@25f4878b]" started-at="2024-03-26T16:54:00 IST" name="afterClass" finished-at="2024-03-26T16:54:00 IST" duration-ms="268" status="PASS">
          <reporter-output>
          </reporter-output>
        </test-method> <!-- afterClass -->
      </class> <!-- pac1.NewTTETS1Test -->
    </test> <!-- Test -->
  </suite> <!-- Suite -->
</testng-results>
